<?xml version="1.0" encoding="UTF-8"?>
<!-- Generated by org.testng.reporters.JUnitReportReporter -->
<testsuite hostname="LAPTOP-RT2GVEB6" failures="0" tests="3" name="se5.POM_Runner" time="12.564" errors="0" timestamp="2021-09-15T14:47:29 IST" skipped="0">
  <testcase classname="se5.POM_Runner" name="cancelButtonTest" time="0.900"/>
  <system-out/>
  <testcase classname="se5.POM_Runner" name="LoginTest" time="5.383"/>
  <system-out/>
  <testcase classname="se5.POM_Runner" name="forgetLinkTest" time="6.281"/>
  <system-out/>
</testsuite> <!-- se5.POM_Runner -->
