<?xml version="1.0" encoding="UTF-8"?>
<!-- Generated by org.testng.reporters.JUnitReportReporter -->
<testsuite hostname="LAPTOP-RT2GVEB6" failures="0" tests="6" name="se6.KeyRunner" time="0.010" errors="0" timestamp="2021-09-16T16:36:47 IST" skipped="0">
  <testcase classname="se6.KeyRunner" name="excelKeyRunner" time="0.005"/>
  <system-out/>
  <testcase classname="se6.KeyRunner" name="excelKeyRunner" time="0.001"/>
  <system-out/>
  <testcase classname="se6.KeyRunner" name="excelKeyRunner" time="0.001"/>
  <system-out/>
  <testcase classname="se6.KeyRunner" name="excelKeyRunner" time="0.001"/>
  <system-out/>
  <testcase classname="se6.KeyRunner" name="excelKeyRunner" time="0.001"/>
  <system-out/>
  <testcase classname="se6.KeyRunner" name="excelKeyRunner" time="0.001"/>
  <system-out/>
</testsuite> <!-- se6.KeyRunner -->
