<?xml version="1.0" encoding="UTF-8"?>
<!-- Generated by org.testng.reporters.JUnitReportReporter -->
<testsuite hostname="LAPTOP-RT2GVEB6" failures="0" tests="1" name="se6.LinkImageTesting" time="17.085" errors="0" timestamp="2021-09-16T13:19:13 IST" skipped="0">
  <testcase classname="se6.LinkImageTesting" name="linkTest" time="17.085"/>
  <system-out/>
</testsuite> <!-- se6.LinkImageTesting -->
