<?xml version="1.0" encoding="UTF-8"?>
<!-- Generated by org.testng.reporters.JUnitReportReporter -->
<testsuite hostname="LAPTOP-RT2GVEB6" failures="0" tests="1" name="se6.Runner" time="3.426" errors="0" timestamp="2021-09-16T14:56:49 IST" skipped="0">
  <testcase classname="se6.Runner" name="f" time="3.426"/>
  <system-out/>
</testsuite> <!-- se6.Runner -->
