<?xml version="1.0" encoding="UTF-8"?>
<!-- Generated by org.testng.reporters.JUnitReportReporter -->
<testsuite hostname="LAPTOP-RT2GVEB6" failures="0" tests="1" name="se6.PropertyExample" time="0.049" errors="0" timestamp="2021-09-16T11:55:00 IST" skipped="0">
  <testcase classname="se6.PropertyExample" name="readProperty" time="0.049"/>
  <system-out/>
</testsuite> <!-- se6.PropertyExample -->
